<?xml version="1.0" encoding="utf-8"?><testsuites name="pytest tests"><testsuite name="pytest" errors="0" failures="0" skipped="0" tests="13" time="2.589" timestamp="2026-05-31T09:15:26.032720+00:00" hostname="agent-env-1be76df8-860a-4b69-a491-3d2961f06136"><testcase classname="backend.tests.test_city_ratings.TestCitiesEndpoint" name="test_get_cities_returns_list" time="0.227" /><testcase classname="backend.tests.test_city_ratings.TestCitiesEndpoint" name="test_cities_are_sorted" time="0.107" /><testcase classname="backend.tests.test_city_ratings.TestCityFilter" name="test_resources_without_city_filter" time="0.104" /><testcase classname="backend.tests.test_city_ratings.TestCityFilter" name="test_resources_with_city_filter" time="0.158" /><testcase classname="backend.tests.test_city_ratings.TestCityFilter" name="test_resources_with_all_cities_filter" time="0.257" /><testcase classname="backend.tests.test_city_ratings.TestCityFilter" name="test_resources_have_city_field" time="0.105" /><testcase classname="backend.tests.test_city_ratings.TestResourceRatings" name="test_resources_have_rating_fields" time="0.147" /><testcase classname="backend.tests.test_city_ratings.TestResourceRatings" name="test_rate_helpful_increments_count" time="0.320" /><testcase classname="backend.tests.test_city_ratings.TestResourceRatings" name="test_rate_not_helpful_increments_count" time="0.304" /><testcase classname="backend.tests.test_city_ratings.TestResourceRatings" name="test_rate_invalid_vote_returns_400" time="0.233" /><testcase classname="backend.tests.test_city_ratings.TestResourceRatings" name="test_rate_nonexistent_resource_returns_404" time="0.118" /><testcase classname="backend.tests.test_city_ratings.TestResourceRatings" name="test_rate_no_auth_required" time="0.222" /><testcase classname="backend.tests.test_city_ratings.TestVerifiedFilterStillWorks" name="test_verified_filter_with_city" time="0.099" /></testsuite></testsuites>