<?xml version="1.0" encoding="utf-8"?><testsuites name="pytest tests"><testsuite name="pytest" errors="0" failures="0" skipped="0" tests="14" time="8.864" timestamp="2026-06-02T03:59:43.285169+00:00" hostname="agent-env-1be76df8-860a-4b69-a491-3d2961f06136"><testcase classname="backend.tests.test_discover_osm.TestDiscoverEndpoint" name="test_discover_toronto_returns_results" time="0.247" /><testcase classname="backend.tests.test_discover_osm.TestDiscoverEndpoint" name="test_discover_nyc_returns_results" time="0.118" /><testcase classname="backend.tests.test_discover_osm.TestDiscoverEndpoint" name="test_discover_london_returns_results" time="0.156" /><testcase classname="backend.tests.test_discover_osm.TestDiscoverEndpoint" name="test_discover_result_structure" time="0.149" /><testcase classname="backend.tests.test_discover_osm.TestDiscoverEndpoint" name="test_discover_results_sorted_by_distance" time="6.125" /><testcase classname="backend.tests.test_discover_osm.TestDiscoverEndpoint" name="test_discover_caching_works" time="0.274" /><testcase classname="backend.tests.test_discover_osm.TestExistingResourcesEndpoints" name="test_get_resources_returns_community_resources" time="0.111" /><testcase classname="backend.tests.test_discover_osm.TestExistingResourcesEndpoints" name="test_get_cities_still_works" time="0.104" /><testcase classname="backend.tests.test_discover_osm.TestExistingResourcesEndpoints" name="test_filter_resources_by_city" time="0.104" /><testcase classname="backend.tests.test_discover_osm.TestExistingResourcesEndpoints" name="test_rate_resource_still_works" time="0.257" /><testcase classname="backend.tests.test_discover_osm.TestExistingResourcesEndpoints" name="test_rate_resource_invalid_vote" time="0.229" /><testcase classname="backend.tests.test_discover_osm.TestExistingResourcesEndpoints" name="test_rate_nonexistent_resource" time="0.128" /><testcase classname="backend.tests.test_discover_osm.TestAuthEndpoints" name="test_login_admin" time="0.349" /><testcase classname="backend.tests.test_discover_osm.TestAuthEndpoints" name="test_login_demo_user" time="0.347" /></testsuite></testsuites>