<?xml version="1.0" encoding="utf-8"?><testsuites name="pytest tests"><testsuite name="pytest" errors="0" failures="0" skipped="0" tests="18" time="4.005" timestamp="2026-04-07T19:41:28.302198+00:00" hostname="agent-env-1be76df8-860a-4b69-a491-3d2961f06136"><testcase classname="backend.tests.test_hopeconnect_api.TestResourcesAPI" name="test_get_resources_returns_55_items" time="0.225" /><testcase classname="backend.tests.test_hopeconnect_api.TestResourcesAPI" name="test_resources_have_required_fields" time="0.107" /><testcase classname="backend.tests.test_hopeconnect_api.TestResourcesAPI" name="test_resources_filter_by_category" time="0.113" /><testcase classname="backend.tests.test_hopeconnect_api.TestJobsAPI" name="test_get_jobs_returns_3_items" time="0.125" /><testcase classname="backend.tests.test_hopeconnect_api.TestJobsAPI" name="test_jobs_have_lat_lng_for_directions" time="0.128" /><testcase classname="backend.tests.test_hopeconnect_api.TestJobsAPI" name="test_jobs_have_required_fields" time="0.178" /><testcase classname="backend.tests.test_hopeconnect_api.TestJobsAPI" name="test_jobs_filter_by_type" time="0.263" /><testcase classname="backend.tests.test_hopeconnect_api.TestBenefitsAPI" name="test_get_benefits_returns_3_items" time="0.123" /><testcase classname="backend.tests.test_hopeconnect_api.TestBenefitsAPI" name="test_benefits_have_required_fields" time="0.113" /><testcase classname="backend.tests.test_hopeconnect_api.TestEmergencyAPI" name="test_get_emergency_returns_4_contacts" time="0.113" /><testcase classname="backend.tests.test_hopeconnect_api.TestEmergencyAPI" name="test_emergency_contacts_have_required_fields" time="0.136" /><testcase classname="backend.tests.test_hopeconnect_api.TestAuthAPI" name="test_login_with_valid_credentials" time="0.364" /><testcase classname="backend.tests.test_hopeconnect_api.TestAuthAPI" name="test_login_with_invalid_credentials" time="0.350" /><testcase classname="backend.tests.test_hopeconnect_api.TestAuthAPI" name="test_register_new_user" time="0.330" /><testcase classname="backend.tests.test_hopeconnect_api.TestAuthAPI" name="test_get_me_with_valid_token" time="0.497" /><testcase classname="backend.tests.test_hopeconnect_api.TestAuthAPI" name="test_get_me_without_token" time="0.139" /><testcase classname="backend.tests.test_hopeconnect_api.TestMockedSMSAPI" name="test_sms_send_is_mocked" time="0.114" /><testcase classname="backend.tests.test_hopeconnect_api.TestMockedSMSAPI" name="test_sms_subscribe_works" time="0.458" /></testsuite></testsuites>