<?xml version="1.0" encoding="utf-8"?><testsuites name="pytest tests"><testsuite name="pytest" errors="0" failures="0" skipped="0" tests="15" time="3.226" timestamp="2026-05-30T16:09:51.343161+00:00" hostname="agent-env-1be76df8-860a-4b69-a491-3d2961f06136"><testcase classname="backend.tests.test_verified_badge.TestResourcesSortingAndFiltering" name="test_resources_sorted_verified_first" time="0.154" /><testcase classname="backend.tests.test_verified_badge.TestResourcesSortingAndFiltering" name="test_resources_have_verified_field" time="0.115" /><testcase classname="backend.tests.test_verified_badge.TestResourcesSortingAndFiltering" name="test_verified_only_filter" time="0.107" /><testcase classname="backend.tests.test_verified_badge.TestVerificationClaimEndpoints" name="test_claim_resource_requires_auth" time="0.225" /><testcase classname="backend.tests.test_verified_badge.TestVerificationClaimEndpoints" name="test_claim_resource_success" time="0.682" /><testcase classname="backend.tests.test_verified_badge.TestVerificationClaimEndpoints" name="test_claim_duplicate_returns_400" time="0.226" /><testcase classname="backend.tests.test_verified_badge.TestAdminClaimsEndpoints" name="test_get_claims_requires_admin" time="0.109" /><testcase classname="backend.tests.test_verified_badge.TestAdminClaimsEndpoints" name="test_get_claims_admin_success" time="0.446" /><testcase classname="backend.tests.test_verified_badge.TestAdminClaimsEndpoints" name="test_approve_claim_requires_admin" time="0.121" /><testcase classname="backend.tests.test_verified_badge.TestAdminClaimsEndpoints" name="test_reject_claim_requires_admin" time="0.103" /><testcase classname="backend.tests.test_verified_badge.TestAdminToggleVerified" name="test_toggle_verified_requires_admin" time="0.097" /><testcase classname="backend.tests.test_verified_badge.TestAdminToggleVerified" name="test_toggle_verified_admin_success" time="0.329" /><testcase classname="backend.tests.test_verified_badge.TestAdminStats" name="test_admin_stats_requires_admin" time="0.109" /><testcase classname="backend.tests.test_verified_badge.TestAdminStats" name="test_admin_stats_includes_verified_counts" time="0.108" /><testcase classname="backend.tests.test_verified_badge.TestClaimApprovalFlow" name="test_full_claim_approval_flow" time="0.213" /></testsuite></testsuites>